<?xml version="1.0" encoding="UTF-8"?>
<testsuite xmlns:xsi="http://www.w3.org/2001/XMLSchema-instance" xsi:noNamespaceSchemaLocation="https://maven.apache.org/surefire/maven-surefire-plugin/xsd/surefire-test-report-3.0.xsd" version="3.0" name="cat.itacademy.s05.t01.S05T01.BlackJackControllerTest" time="8.998" tests="1" errors="1" skipped="0" failures="0">
  <properties>
[...]
</properties>
  <testcase name="testCreateGame" classname="cat.itacademy.s05.t01.S05T01.BlackJackControllerTest" time="0.197">
    <error type="java.awt.HeadlessException"><![CDATA[java.awt.HeadlessException
	at java.desktop/java.awt.GraphicsEnvironment.checkHeadless(GraphicsEnvironment.java:166)
	at java.desktop/java.awt.Window.<init>(Window.java:553)
	at java.desktop/java.awt.Frame.<init>(Frame.java:428)
	at java.desktop/javax.swing.JFrame.<init>(JFrame.java:224)
	at cat.itacademy.s05.t01.S05T01.model.BlackJack.<init>(BlackJack.java:37)
	at cat.itacademy.s05.t01.S05T01.BlackJackControllerTest.testCreateGame(BlackJackControllerTest.java:29)
	at java.base/java.lang.reflect.Method.invoke(Method.java:580)
	at java.base/java.util.ArrayList.forEach(ArrayList.java:1597)
	at java.base/java.util.ArrayList.forEach(ArrayList.java:1597)
]]></error>
    <system-out><![CDATA[09:03:27.885 [main] INFO org.springframework.test.context.support.AnnotationConfigContextLoaderUtils -- Could not detect default configuration classes for test class [cat.itacademy.s05.t01.S05T01.BlackJackControllerTest]: BlackJackControllerTest does not declare any static, non-private, non-final, nested classes annotated with @Configuration.
09:03:28.257 [main] INFO org.springframework.boot.test.context.SpringBootTestContextBootstrapper -- Found @SpringBootConfiguration cat.itacademy.s05.t01.S05T01.S05T01Application for test class cat.itacademy.s05.t01.S05T01.BlackJackControllerTest
09:03:28.588 [main] INFO org.springframework.boot.devtools.restart.RestartApplicationListener -- Restart disabled due to context in which it is running

  .   ____          _            __ _ _
 /\\ / ___'_ __ _ _(_)_ __  __ _ \ \ \ \
( ( )\___ | '_ | '_| | '_ \/ _` | \ \ \ \
 \\/  ___)| |_)| | | | | || (_| |  ) ) ) )
  '  |____| .__|_| |_|_| |_\__, | / / / /
 =========|_|==============|___/=/_/_/_/

 :: Spring Boot ::                (v3.3.2)

2024-08-07T09:03:29.788+02:00  INFO 6948 --- [S05T01] [           main] c.i.s.t.S05T01.BlackJackControllerTest   : Starting BlackJackControllerTest using Java 22.0.1 with PID 6948 (started by augus in C:\Users\augus\Desktop\BCN ACTIVA\ITAcademy\SPRINT_5_T1\S05T01)
2024-08-07T09:03:29.791+02:00  INFO 6948 --- [S05T01] [           main] c.i.s.t.S05T01.BlackJackControllerTest   : No active profile set, falling back to 1 default profile: "default"
2024-08-07T09:03:36.045+02:00  INFO 6948 --- [S05T01] [           main] c.i.s.t.S05T01.BlackJackControllerTest   : Started BlackJackControllerTest in 7.513 seconds (process running for 10.837)
]]></system-out>
    <system-err><![CDATA[WARNING: A Java agent has been loaded dynamically (C:\Users\augus\.m2\repository\net\bytebuddy\byte-buddy-agent\1.14.18\byte-buddy-agent-1.14.18.jar)
WARNING: If a serviceability tool is in use, please run with -XX:+EnableDynamicAgentLoading to hide this warning
WARNING: If a serviceability tool is not in use, please run with -Djdk.instrument.traceUsage for more information
WARNING: Dynamic loading of agents will be disallowed by default in a future release
]]></system-err>
  </testcase>
</testsuite>